16-Mar-2018 16:44:23.636 INFORMAZIONI [main] org.apache.catalina.startup.VersionLoggerListener.log Server version:        Apache Tomcat/8.5.28
16-Mar-2018 16:44:23.636 INFORMAZIONI [main] org.apache.catalina.startup.VersionLoggerListener.log Server version:        Apache Tomcat/8.5.28
16-Mar-2018 16:44:23.702 INFORMAZIONI [main] org.apache.catalina.startup.VersionLoggerListener.log Server built:          Feb 6 2018 23:10:25 UTC
16-Mar-2018 16:44:23.701 INFORMAZIONI [main] org.apache.catalina.startup.VersionLoggerListener.log Server built:          Feb 6 2018 23:10:25 UTC
16-Mar-2018 16:44:23.703 INFORMAZIONI [main] org.apache.catalina.startup.VersionLoggerListener.log Server number:         8.5.28.0
16-Mar-2018 16:44:23.703 INFORMAZIONI [main] org.apache.catalina.startup.VersionLoggerListener.log Server number:         8.5.28.0
16-Mar-2018 16:44:23.704 INFORMAZIONI [main] org.apache.catalina.startup.VersionLoggerListener.log OS Name:               Windows 10
16-Mar-2018 16:44:23.704 INFORMAZIONI [main] org.apache.catalina.startup.VersionLoggerListener.log OS Name:               Windows 10
16-Mar-2018 16:44:23.705 INFORMAZIONI [main] org.apache.catalina.startup.VersionLoggerListener.log OS Version:            10.0
16-Mar-2018 16:44:23.705 INFORMAZIONI [main] org.apache.catalina.startup.VersionLoggerListener.log OS Version:            10.0
16-Mar-2018 16:44:23.706 INFORMAZIONI [main] org.apache.catalina.startup.VersionLoggerListener.log Architecture:          amd64
16-Mar-2018 16:44:23.707 INFORMAZIONI [main] org.apache.catalina.startup.VersionLoggerListener.log Architecture:          amd64
16-Mar-2018 16:44:23.707 INFORMAZIONI [main] org.apache.catalina.startup.VersionLoggerListener.log Java Home:             C:\Program Files\Java\jdk1.8.0_121\jre
16-Mar-2018 16:44:23.708 INFORMAZIONI [main] org.apache.catalina.startup.VersionLoggerListener.log Java Home:             C:\Program Files\Java\jdk1.8.0_121\jre
16-Mar-2018 16:44:23.709 INFORMAZIONI [main] org.apache.catalina.startup.VersionLoggerListener.log JVM Version:           1.8.0_121-b13
16-Mar-2018 16:44:23.709 INFORMAZIONI [main] org.apache.catalina.startup.VersionLoggerListener.log JVM Version:           1.8.0_121-b13
16-Mar-2018 16:44:23.710 INFORMAZIONI [main] org.apache.catalina.startup.VersionLoggerListener.log JVM Vendor:            Oracle Corporation
16-Mar-2018 16:44:23.710 INFORMAZIONI [main] org.apache.catalina.startup.VersionLoggerListener.log JVM Vendor:            Oracle Corporation
16-Mar-2018 16:44:23.711 INFORMAZIONI [main] org.apache.catalina.startup.VersionLoggerListener.log CATALINA_BASE:         C:\Users\accenture\Desktop\xampp\tomcat
16-Mar-2018 16:44:23.711 INFORMAZIONI [main] org.apache.catalina.startup.VersionLoggerListener.log CATALINA_BASE:         C:\Users\accenture\Desktop\xampp\tomcat
16-Mar-2018 16:44:23.712 INFORMAZIONI [main] org.apache.catalina.startup.VersionLoggerListener.log CATALINA_HOME:         C:\Users\accenture\Desktop\xampp\tomcat
16-Mar-2018 16:44:23.713 INFORMAZIONI [main] org.apache.catalina.startup.VersionLoggerListener.log Command line argument: -Djava.util.logging.config.file=C:\Users\accenture\Desktop\xampp\tomcat\conf\logging.properties
16-Mar-2018 16:44:23.712 INFORMAZIONI [main] org.apache.catalina.startup.VersionLoggerListener.log CATALINA_HOME:         C:\Users\accenture\Desktop\xampp\tomcat
16-Mar-2018 16:44:23.714 INFORMAZIONI [main] org.apache.catalina.startup.VersionLoggerListener.log Command line argument: -Djava.util.logging.config.file=C:\Users\accenture\Desktop\xampp\tomcat\conf\logging.properties
16-Mar-2018 16:44:23.714 INFORMAZIONI [main] org.apache.catalina.startup.VersionLoggerListener.log Command line argument: -Djava.util.logging.manager=org.apache.juli.ClassLoaderLogManager
16-Mar-2018 16:44:23.715 INFORMAZIONI [main] org.apache.catalina.startup.VersionLoggerListener.log Command line argument: -Djava.util.logging.manager=org.apache.juli.ClassLoaderLogManager
16-Mar-2018 16:44:23.716 INFORMAZIONI [main] org.apache.catalina.startup.VersionLoggerListener.log Command line argument: -Djdk.tls.ephemeralDHKeySize=2048
16-Mar-2018 16:44:23.716 INFORMAZIONI [main] org.apache.catalina.startup.VersionLoggerListener.log Command line argument: -Djdk.tls.ephemeralDHKeySize=2048
16-Mar-2018 16:44:23.717 INFORMAZIONI [main] org.apache.catalina.startup.VersionLoggerListener.log Command line argument: -Djava.protocol.handler.pkgs=org.apache.catalina.webresources
16-Mar-2018 16:44:23.717 INFORMAZIONI [main] org.apache.catalina.startup.VersionLoggerListener.log Command line argument: -Djava.protocol.handler.pkgs=org.apache.catalina.webresources
16-Mar-2018 16:44:23.718 INFORMAZIONI [main] org.apache.catalina.startup.VersionLoggerListener.log Command line argument: -Dignore.endorsed.dirs=
16-Mar-2018 16:44:23.718 INFORMAZIONI [main] org.apache.catalina.startup.VersionLoggerListener.log Command line argument: -Dignore.endorsed.dirs=
16-Mar-2018 16:44:23.719 INFORMAZIONI [main] org.apache.catalina.startup.VersionLoggerListener.log Command line argument: -Dcatalina.base=C:\Users\accenture\Desktop\xampp\tomcat
16-Mar-2018 16:44:23.719 INFORMAZIONI [main] org.apache.catalina.startup.VersionLoggerListener.log Command line argument: -Dcatalina.base=C:\Users\accenture\Desktop\xampp\tomcat
16-Mar-2018 16:44:23.721 INFORMAZIONI [main] org.apache.catalina.startup.VersionLoggerListener.log Command line argument: -Dcatalina.home=C:\Users\accenture\Desktop\xampp\tomcat
16-Mar-2018 16:44:23.721 INFORMAZIONI [main] org.apache.catalina.startup.VersionLoggerListener.log Command line argument: -Dcatalina.home=C:\Users\accenture\Desktop\xampp\tomcat
16-Mar-2018 16:44:23.722 INFORMAZIONI [main] org.apache.catalina.startup.VersionLoggerListener.log Command line argument: -Djava.io.tmpdir=C:\Users\accenture\Desktop\xampp\tomcat\temp
16-Mar-2018 16:44:23.722 INFORMAZIONI [main] org.apache.catalina.startup.VersionLoggerListener.log Command line argument: -Djava.io.tmpdir=C:\Users\accenture\Desktop\xampp\tomcat\temp
16-Mar-2018 16:44:23.723 INFORMAZIONI [main] org.apache.catalina.core.AprLifecycleListener.lifecycleEvent The APR based Apache Tomcat Native library which allows optimal performance in production environments was not found on the java.library.path: [C:\Program Files\Java\jdk1.8.0_121\bin;C:\Windows\Sun\Java\bin;C:\Windows\system32;C:\Windows;C:\ProgramData\Oracle\Java\javapath;C:\Windows\system32;C:\Windows;C:\Windows\System32\Wbem;C:\Windows\System32\WindowsPowerShell\v1.0\;C:\Program Files (x86)\ATI Technologies\ATI.ACE\Core-Static;C:\Program Files\TortoiseGit\bin;C:\Users\accenture\AppData\Local\Microsoft\WindowsApps;C:\Users\accenture\AppData\Local\Programs\Git\cmd;.]
16-Mar-2018 16:44:23.723 INFORMAZIONI [main] org.apache.catalina.core.AprLifecycleListener.lifecycleEvent The APR based Apache Tomcat Native library which allows optimal performance in production environments was not found on the java.library.path: [C:\Program Files\Java\jdk1.8.0_121\bin;C:\Windows\Sun\Java\bin;C:\Windows\system32;C:\Windows;C:\ProgramData\Oracle\Java\javapath;C:\Windows\system32;C:\Windows;C:\Windows\System32\Wbem;C:\Windows\System32\WindowsPowerShell\v1.0\;C:\Program Files (x86)\ATI Technologies\ATI.ACE\Core-Static;C:\Program Files\TortoiseGit\bin;C:\Users\accenture\AppData\Local\Microsoft\WindowsApps;C:\Users\accenture\AppData\Local\Programs\Git\cmd;.]
16-Mar-2018 16:44:24.664 INFORMAZIONI [main] org.apache.catalina.startup.VersionLoggerListener.log Server version:        Apache Tomcat/8.5.28
16-Mar-2018 16:44:24.667 INFORMAZIONI [main] org.apache.catalina.startup.VersionLoggerListener.log Server built:          Feb 6 2018 23:10:25 UTC
16-Mar-2018 16:44:24.667 INFORMAZIONI [main] org.apache.catalina.startup.VersionLoggerListener.log Server number:         8.5.28.0
16-Mar-2018 16:44:24.668 INFORMAZIONI [main] org.apache.catalina.startup.VersionLoggerListener.log OS Name:               Windows 10
16-Mar-2018 16:44:24.668 INFORMAZIONI [main] org.apache.catalina.startup.VersionLoggerListener.log OS Version:            10.0
16-Mar-2018 16:44:24.669 INFORMAZIONI [main] org.apache.catalina.startup.VersionLoggerListener.log Architecture:          amd64
16-Mar-2018 16:44:24.669 INFORMAZIONI [main] org.apache.catalina.startup.VersionLoggerListener.log Java Home:             C:\Program Files\Java\jdk1.8.0_121\jre
16-Mar-2018 16:44:24.669 INFORMAZIONI [main] org.apache.catalina.startup.VersionLoggerListener.log JVM Version:           1.8.0_121-b13
16-Mar-2018 16:44:24.670 INFORMAZIONI [main] org.apache.catalina.startup.VersionLoggerListener.log JVM Vendor:            Oracle Corporation
16-Mar-2018 16:44:24.670 INFORMAZIONI [main] org.apache.catalina.startup.VersionLoggerListener.log CATALINA_BASE:         C:\Users\accenture\Desktop\xampp\tomcat
16-Mar-2018 16:44:24.670 INFORMAZIONI [main] org.apache.catalina.startup.VersionLoggerListener.log CATALINA_HOME:         C:\Users\accenture\Desktop\xampp\tomcat
16-Mar-2018 16:44:24.671 INFORMAZIONI [main] org.apache.catalina.startup.VersionLoggerListener.log Command line argument: -Djava.util.logging.config.file=C:\Users\accenture\Desktop\xampp\tomcat\conf\logging.properties
16-Mar-2018 16:44:24.672 INFORMAZIONI [main] org.apache.catalina.startup.VersionLoggerListener.log Command line argument: -Djava.util.logging.manager=org.apache.juli.ClassLoaderLogManager
16-Mar-2018 16:44:24.672 INFORMAZIONI [main] org.apache.catalina.startup.VersionLoggerListener.log Command line argument: -Djdk.tls.ephemeralDHKeySize=2048
16-Mar-2018 16:44:24.673 INFORMAZIONI [main] org.apache.catalina.startup.VersionLoggerListener.log Command line argument: -Djava.protocol.handler.pkgs=org.apache.catalina.webresources
16-Mar-2018 16:44:24.673 INFORMAZIONI [main] org.apache.catalina.startup.VersionLoggerListener.log Command line argument: -Dignore.endorsed.dirs=
16-Mar-2018 16:44:24.673 INFORMAZIONI [main] org.apache.catalina.startup.VersionLoggerListener.log Command line argument: -Dcatalina.base=C:\Users\accenture\Desktop\xampp\tomcat
16-Mar-2018 16:44:24.674 INFORMAZIONI [main] org.apache.catalina.startup.VersionLoggerListener.log Command line argument: -Dcatalina.home=C:\Users\accenture\Desktop\xampp\tomcat
16-Mar-2018 16:44:24.674 INFORMAZIONI [main] org.apache.catalina.startup.VersionLoggerListener.log Command line argument: -Djava.io.tmpdir=C:\Users\accenture\Desktop\xampp\tomcat\temp
16-Mar-2018 16:44:24.675 INFORMAZIONI [main] org.apache.catalina.core.AprLifecycleListener.lifecycleEvent The APR based Apache Tomcat Native library which allows optimal performance in production environments was not found on the java.library.path: [C:\Program Files\Java\jdk1.8.0_121\bin;C:\Windows\Sun\Java\bin;C:\Windows\system32;C:\Windows;C:\ProgramData\Oracle\Java\javapath;C:\Windows\system32;C:\Windows;C:\Windows\System32\Wbem;C:\Windows\System32\WindowsPowerShell\v1.0\;C:\Program Files (x86)\ATI Technologies\ATI.ACE\Core-Static;C:\Program Files\TortoiseGit\bin;C:\Users\accenture\AppData\Local\Microsoft\WindowsApps;C:\Users\accenture\AppData\Local\Programs\Git\cmd;.]
16-Mar-2018 16:44:24.879 INFORMAZIONI [main] org.apache.coyote.AbstractProtocol.init Initializing ProtocolHandler ["http-nio-8080"]
16-Mar-2018 16:44:24.881 INFORMAZIONI [main] org.apache.coyote.AbstractProtocol.init Initializing ProtocolHandler ["http-nio-8080"]
16-Mar-2018 16:44:24.883 INFORMAZIONI [main] org.apache.coyote.AbstractProtocol.init Initializing ProtocolHandler ["http-nio-8080"]
16-Mar-2018 16:44:24.963 GRAVE [main] org.apache.catalina.core.StandardService.initInternal Failed to initialize connector [Connector[HTTP/1.1-8080]]
 org.apache.catalina.LifecycleException: Failed to initialize component [Connector[HTTP/1.1-8080]]
	at org.apache.catalina.util.LifecycleBase.init(LifecycleBase.java:113)
	at org.apache.catalina.core.StandardService.initInternal(StandardService.java:549)
	at org.apache.catalina.util.LifecycleBase.init(LifecycleBase.java:107)
	at org.apache.catalina.core.StandardServer.initInternal(StandardServer.java:875)
	at org.apache.catalina.util.LifecycleBase.init(LifecycleBase.java:107)
	at org.apache.catalina.startup.Catalina.load(Catalina.java:632)
	at org.apache.catalina.startup.Catalina.load(Catalina.java:655)
	at sun.reflect.NativeMethodAccessorImpl.invoke0(Native Method)
	at sun.reflect.NativeMethodAccessorImpl.invoke(NativeMethodAccessorImpl.java:62)
	at sun.reflect.DelegatingMethodAccessorImpl.invoke(DelegatingMethodAccessorImpl.java:43)
	at java.lang.reflect.Method.invoke(Method.java:498)
	at org.apache.catalina.startup.Bootstrap.load(Bootstrap.java:309)
	at org.apache.catalina.startup.Bootstrap.main(Bootstrap.java:492)
Caused by: org.apache.catalina.LifecycleException: Protocol handler initialization failed
	at org.apache.catalina.connector.Connector.initInternal(Connector.java:996)
	at org.apache.catalina.util.LifecycleBase.init(LifecycleBase.java:107)
	... 12 more
Caused by: java.net.BindException: Address already in use: bind
	at sun.nio.ch.Net.bind0(Native Method)
	at sun.nio.ch.Net.bind(Net.java:433)
	at sun.nio.ch.Net.bind(Net.java:425)
	at sun.nio.ch.ServerSocketChannelImpl.bind(ServerSocketChannelImpl.java:223)
	at sun.nio.ch.ServerSocketAdaptor.bind(ServerSocketAdaptor.java:74)
	at org.apache.tomcat.util.net.NioEndpoint.bind(NioEndpoint.java:210)
	at org.apache.tomcat.util.net.AbstractEndpoint.init(AbstractEndpoint.java:1086)
	at org.apache.tomcat.util.net.AbstractJsseEndpoint.init(AbstractJsseEndpoint.java:268)
	at org.apache.coyote.AbstractProtocol.init(AbstractProtocol.java:581)
	at org.apache.coyote.http11.AbstractHttp11Protocol.init(AbstractHttp11Protocol.java:68)
	at org.apache.catalina.connector.Connector.initInternal(Connector.java:993)
	... 13 more

16-Mar-2018 16:44:24.963 GRAVE [main] org.apache.catalina.core.StandardService.initInternal Failed to initialize connector [Connector[HTTP/1.1-8080]]
 org.apache.catalina.LifecycleException: Failed to initialize component [Connector[HTTP/1.1-8080]]
	at org.apache.catalina.util.LifecycleBase.init(LifecycleBase.java:113)
	at org.apache.catalina.core.StandardService.initInternal(StandardService.java:549)
	at org.apache.catalina.util.LifecycleBase.init(LifecycleBase.java:107)
	at org.apache.catalina.core.StandardServer.initInternal(StandardServer.java:875)
	at org.apache.catalina.util.LifecycleBase.init(LifecycleBase.java:107)
	at org.apache.catalina.startup.Catalina.load(Catalina.java:632)
	at org.apache.catalina.startup.Catalina.load(Catalina.java:655)
	at sun.reflect.NativeMethodAccessorImpl.invoke0(Native Method)
	at sun.reflect.NativeMethodAccessorImpl.invoke(NativeMethodAccessorImpl.java:62)
	at sun.reflect.DelegatingMethodAccessorImpl.invoke(DelegatingMethodAccessorImpl.java:43)
	at java.lang.reflect.Method.invoke(Method.java:498)
	at org.apache.catalina.startup.Bootstrap.load(Bootstrap.java:309)
	at org.apache.catalina.startup.Bootstrap.main(Bootstrap.java:492)
Caused by: org.apache.catalina.LifecycleException: Protocol handler initialization failed
	at org.apache.catalina.connector.Connector.initInternal(Connector.java:996)
	at org.apache.catalina.util.LifecycleBase.init(LifecycleBase.java:107)
	... 12 more
Caused by: java.net.BindException: Address already in use: bind
	at sun.nio.ch.Net.bind0(Native Method)
	at sun.nio.ch.Net.bind(Net.java:433)
	at sun.nio.ch.Net.bind(Net.java:425)
	at sun.nio.ch.ServerSocketChannelImpl.bind(ServerSocketChannelImpl.java:223)
	at sun.nio.ch.ServerSocketAdaptor.bind(ServerSocketAdaptor.java:74)
	at org.apache.tomcat.util.net.NioEndpoint.bind(NioEndpoint.java:210)
	at org.apache.tomcat.util.net.AbstractEndpoint.init(AbstractEndpoint.java:1086)
	at org.apache.tomcat.util.net.AbstractJsseEndpoint.init(AbstractJsseEndpoint.java:268)
	at org.apache.coyote.AbstractProtocol.init(AbstractProtocol.java:581)
	at org.apache.coyote.http11.AbstractHttp11Protocol.init(AbstractHttp11Protocol.java:68)
	at org.apache.catalina.connector.Connector.initInternal(Connector.java:993)
	... 13 more

16-Mar-2018 16:44:24.978 INFORMAZIONI [main] org.apache.coyote.AbstractProtocol.init Initializing ProtocolHandler ["ajp-nio-8009"]
16-Mar-2018 16:44:24.978 INFORMAZIONI [main] org.apache.coyote.AbstractProtocol.init Initializing ProtocolHandler ["ajp-nio-8009"]
16-Mar-2018 16:44:24.984 GRAVE [main] org.apache.catalina.core.StandardService.initInternal Failed to initialize connector [Connector[AJP/1.3-8009]]
 org.apache.catalina.LifecycleException: Failed to initialize component [Connector[AJP/1.3-8009]]
	at org.apache.catalina.util.LifecycleBase.init(LifecycleBase.java:113)
	at org.apache.catalina.core.StandardService.initInternal(StandardService.java:549)
	at org.apache.catalina.util.LifecycleBase.init(LifecycleBase.java:107)
	at org.apache.catalina.core.StandardServer.initInternal(StandardServer.java:875)
	at org.apache.catalina.util.LifecycleBase.init(LifecycleBase.java:107)
	at org.apache.catalina.startup.Catalina.load(Catalina.java:632)
	at org.apache.catalina.startup.Catalina.load(Catalina.java:655)
	at sun.reflect.NativeMethodAccessorImpl.invoke0(Native Method)
	at sun.reflect.NativeMethodAccessorImpl.invoke(NativeMethodAccessorImpl.java:62)
	at sun.reflect.DelegatingMethodAccessorImpl.invoke(DelegatingMethodAccessorImpl.java:43)
	at java.lang.reflect.Method.invoke(Method.java:498)
	at org.apache.catalina.startup.Bootstrap.load(Bootstrap.java:309)
	at org.apache.catalina.startup.Bootstrap.main(Bootstrap.java:492)
Caused by: org.apache.catalina.LifecycleException: Protocol handler initialization failed
	at org.apache.catalina.connector.Connector.initInternal(Connector.java:996)
	at org.apache.catalina.util.LifecycleBase.init(LifecycleBase.java:107)
	... 12 more
Caused by: java.net.BindException: Address already in use: bind
	at sun.nio.ch.Net.bind0(Native Method)
	at sun.nio.ch.Net.bind(Net.java:433)
	at sun.nio.ch.Net.bind(Net.java:425)
	at sun.nio.ch.ServerSocketChannelImpl.bind(ServerSocketChannelImpl.java:223)
	at sun.nio.ch.ServerSocketAdaptor.bind(ServerSocketAdaptor.java:74)
	at org.apache.tomcat.util.net.NioEndpoint.bind(NioEndpoint.java:210)
	at org.apache.tomcat.util.net.AbstractEndpoint.init(AbstractEndpoint.java:1086)
	at org.apache.tomcat.util.net.AbstractJsseEndpoint.init(AbstractJsseEndpoint.java:268)
	at org.apache.coyote.AbstractProtocol.init(AbstractProtocol.java:581)
	at org.apache.catalina.connector.Connector.initInternal(Connector.java:993)
	... 13 more

16-Mar-2018 16:44:24.987 INFORMAZIONI [main] org.apache.catalina.startup.Catalina.load Initialization processed in 2852 ms
16-Mar-2018 16:44:25.145 INFORMAZIONI [main] org.apache.catalina.core.StandardService.startInternal Starting service [Catalina]
16-Mar-2018 16:44:25.145 INFORMAZIONI [main] org.apache.catalina.core.StandardEngine.startInternal Starting Servlet Engine: Apache Tomcat/8.5.28
16-Mar-2018 16:44:25.174 INFORMAZIONI [localhost-startStop-1] org.apache.catalina.startup.HostConfig.deployDirectory Deploying web application directory [C:\Users\accenture\Desktop\xampp\tomcat\webapps\docs]
16-Mar-2018 16:44:25.634 INFORMAZIONI [main] org.apache.tomcat.util.net.NioSelectorPool.getSharedSelector Using a shared selector for servlet write/read
16-Mar-2018 16:44:25.634 INFORMAZIONI [main] org.apache.tomcat.util.net.NioSelectorPool.getSharedSelector Using a shared selector for servlet write/read
16-Mar-2018 16:44:25.700 INFORMAZIONI [main] org.apache.catalina.startup.Catalina.load Initialization processed in 1447 ms
16-Mar-2018 16:44:25.701 INFORMAZIONI [main] org.apache.coyote.AbstractProtocol.init Initializing ProtocolHandler ["ajp-nio-8009"]
16-Mar-2018 16:44:25.705 GRAVE [main] org.apache.catalina.core.StandardService.initInternal Failed to initialize connector [Connector[AJP/1.3-8009]]
 org.apache.catalina.LifecycleException: Failed to initialize component [Connector[AJP/1.3-8009]]
	at org.apache.catalina.util.LifecycleBase.init(LifecycleBase.java:113)
	at org.apache.catalina.core.StandardService.initInternal(StandardService.java:549)
	at org.apache.catalina.util.LifecycleBase.init(LifecycleBase.java:107)
	at org.apache.catalina.core.StandardServer.initInternal(StandardServer.java:875)
	at org.apache.catalina.util.LifecycleBase.init(LifecycleBase.java:107)
	at org.apache.catalina.startup.Catalina.load(Catalina.java:632)
	at org.apache.catalina.startup.Catalina.load(Catalina.java:655)
	at sun.reflect.NativeMethodAccessorImpl.invoke0(Native Method)
	at sun.reflect.NativeMethodAccessorImpl.invoke(NativeMethodAccessorImpl.java:62)
	at sun.reflect.DelegatingMethodAccessorImpl.invoke(DelegatingMethodAccessorImpl.java:43)
	at java.lang.reflect.Method.invoke(Method.java:498)
	at org.apache.catalina.startup.Bootstrap.load(Bootstrap.java:309)
	at org.apache.catalina.startup.Bootstrap.main(Bootstrap.java:492)
Caused by: org.apache.catalina.LifecycleException: Protocol handler initialization failed
	at org.apache.catalina.connector.Connector.initInternal(Connector.java:996)
	at org.apache.catalina.util.LifecycleBase.init(LifecycleBase.java:107)
	... 12 more
Caused by: java.net.BindException: Address already in use: bind
	at sun.nio.ch.Net.bind0(Native Method)
	at sun.nio.ch.Net.bind(Net.java:433)
	at sun.nio.ch.Net.bind(Net.java:425)
	at sun.nio.ch.ServerSocketChannelImpl.bind(ServerSocketChannelImpl.java:223)
	at sun.nio.ch.ServerSocketAdaptor.bind(ServerSocketAdaptor.java:74)
	at org.apache.tomcat.util.net.NioEndpoint.bind(NioEndpoint.java:210)
	at org.apache.tomcat.util.net.AbstractEndpoint.init(AbstractEndpoint.java:1086)
	at org.apache.tomcat.util.net.AbstractJsseEndpoint.init(AbstractJsseEndpoint.java:268)
	at org.apache.coyote.AbstractProtocol.init(AbstractProtocol.java:581)
	at org.apache.catalina.connector.Connector.initInternal(Connector.java:993)
	... 13 more

16-Mar-2018 16:44:25.710 INFORMAZIONI [main] org.apache.catalina.startup.Catalina.load Initialization processed in 3576 ms
16-Mar-2018 16:44:25.753 INFORMAZIONI [main] org.apache.catalina.core.StandardService.startInternal Starting service [Catalina]
16-Mar-2018 16:44:25.753 INFORMAZIONI [main] org.apache.catalina.core.StandardEngine.startInternal Starting Servlet Engine: Apache Tomcat/8.5.28
16-Mar-2018 16:44:25.758 INFORMAZIONI [main] org.apache.catalina.core.StandardService.startInternal Starting service [Catalina]
16-Mar-2018 16:44:25.759 INFORMAZIONI [main] org.apache.catalina.core.StandardEngine.startInternal Starting Servlet Engine: Apache Tomcat/8.5.28
16-Mar-2018 16:44:25.766 INFORMAZIONI [localhost-startStop-1] org.apache.catalina.startup.HostConfig.deployDirectory Deploying web application directory [C:\Users\accenture\Desktop\xampp\tomcat\webapps\docs]
16-Mar-2018 16:44:25.771 INFORMAZIONI [localhost-startStop-1] org.apache.catalina.startup.HostConfig.deployDirectory Deploying web application directory [C:\Users\accenture\Desktop\xampp\tomcat\webapps\docs]
16-Mar-2018 16:44:26.447 INFORMAZIONI [localhost-startStop-1] org.apache.catalina.startup.HostConfig.deployDirectory Deployment of web application directory [C:\Users\accenture\Desktop\xampp\tomcat\webapps\docs] has finished in [680] ms
16-Mar-2018 16:44:26.447 INFORMAZIONI [localhost-startStop-1] org.apache.catalina.startup.HostConfig.deployDirectory Deployment of web application directory [C:\Users\accenture\Desktop\xampp\tomcat\webapps\docs] has finished in [675] ms
16-Mar-2018 16:44:26.448 INFORMAZIONI [localhost-startStop-1] org.apache.catalina.startup.HostConfig.deployDirectory Deploying web application directory [C:\Users\accenture\Desktop\xampp\tomcat\webapps\examples]
16-Mar-2018 16:44:26.448 INFORMAZIONI [localhost-startStop-1] org.apache.catalina.startup.HostConfig.deployDirectory Deploying web application directory [C:\Users\accenture\Desktop\xampp\tomcat\webapps\examples]
16-Mar-2018 16:44:26.549 AVVERTENZA [localhost-startStop-1] org.apache.catalina.util.SessionIdGeneratorBase.createSecureRandom Creation of SecureRandom instance for session ID generation using [SHA1PRNG] took [128] milliseconds.
16-Mar-2018 16:44:26.572 INFORMAZIONI [localhost-startStop-1] org.apache.catalina.startup.HostConfig.deployDirectory Deployment of web application directory [C:\Users\accenture\Desktop\xampp\tomcat\webapps\docs] has finished in [1,398] ms
16-Mar-2018 16:44:26.572 INFORMAZIONI [localhost-startStop-1] org.apache.catalina.startup.HostConfig.deployDirectory Deploying web application directory [C:\Users\accenture\Desktop\xampp\tomcat\webapps\examples]
16-Mar-2018 16:44:28.560 INFORMAZIONI [localhost-startStop-1] org.apache.catalina.startup.HostConfig.deployDirectory Deployment of web application directory [C:\Users\accenture\Desktop\xampp\tomcat\webapps\examples] has finished in [2,112] ms
16-Mar-2018 16:44:28.561 INFORMAZIONI [localhost-startStop-1] org.apache.catalina.startup.HostConfig.deployDirectory Deploying web application directory [C:\Users\accenture\Desktop\xampp\tomcat\webapps\host-manager]
16-Mar-2018 16:44:28.598 INFORMAZIONI [localhost-startStop-1] org.apache.catalina.startup.HostConfig.deployDirectory Deployment of web application directory [C:\Users\accenture\Desktop\xampp\tomcat\webapps\examples] has finished in [2,026] ms
16-Mar-2018 16:44:28.600 INFORMAZIONI [localhost-startStop-1] org.apache.catalina.startup.HostConfig.deployDirectory Deploying web application directory [C:\Users\accenture\Desktop\xampp\tomcat\webapps\host-manager]
16-Mar-2018 16:44:28.617 INFORMAZIONI [localhost-startStop-1] org.apache.catalina.startup.HostConfig.deployDirectory Deployment of web application directory [C:\Users\accenture\Desktop\xampp\tomcat\webapps\examples] has finished in [2,169] ms
16-Mar-2018 16:44:28.618 INFORMAZIONI [localhost-startStop-1] org.apache.catalina.startup.HostConfig.deployDirectory Deploying web application directory [C:\Users\accenture\Desktop\xampp\tomcat\webapps\host-manager]
16-Mar-2018 16:44:28.708 INFORMAZIONI [localhost-startStop-1] org.apache.catalina.startup.HostConfig.deployDirectory Deployment of web application directory [C:\Users\accenture\Desktop\xampp\tomcat\webapps\host-manager] has finished in [108] ms
16-Mar-2018 16:44:28.710 INFORMAZIONI [localhost-startStop-1] org.apache.catalina.startup.HostConfig.deployDirectory Deploying web application directory [C:\Users\accenture\Desktop\xampp\tomcat\webapps\manager]
16-Mar-2018 16:44:28.715 INFORMAZIONI [localhost-startStop-1] org.apache.catalina.startup.HostConfig.deployDirectory Deployment of web application directory [C:\Users\accenture\Desktop\xampp\tomcat\webapps\host-manager] has finished in [154] ms
16-Mar-2018 16:44:28.715 INFORMAZIONI [localhost-startStop-1] org.apache.catalina.startup.HostConfig.deployDirectory Deploying web application directory [C:\Users\accenture\Desktop\xampp\tomcat\webapps\manager]
16-Mar-2018 16:44:28.740 INFORMAZIONI [localhost-startStop-1] org.apache.catalina.startup.HostConfig.deployDirectory Deployment of web application directory [C:\Users\accenture\Desktop\xampp\tomcat\webapps\host-manager] has finished in [122] ms
16-Mar-2018 16:44:28.740 INFORMAZIONI [localhost-startStop-1] org.apache.catalina.startup.HostConfig.deployDirectory Deploying web application directory [C:\Users\accenture\Desktop\xampp\tomcat\webapps\manager]
16-Mar-2018 16:44:28.783 INFORMAZIONI [localhost-startStop-1] org.apache.catalina.startup.HostConfig.deployDirectory Deployment of web application directory [C:\Users\accenture\Desktop\xampp\tomcat\webapps\manager] has finished in [73] ms
16-Mar-2018 16:44:28.783 INFORMAZIONI [localhost-startStop-1] org.apache.catalina.startup.HostConfig.deployDirectory Deploying web application directory [C:\Users\accenture\Desktop\xampp\tomcat\webapps\ROOT]
16-Mar-2018 16:44:28.783 INFORMAZIONI [localhost-startStop-1] org.apache.catalina.startup.HostConfig.deployDirectory Deployment of web application directory [C:\Users\accenture\Desktop\xampp\tomcat\webapps\manager] has finished in [68] ms
16-Mar-2018 16:44:28.784 INFORMAZIONI [localhost-startStop-1] org.apache.catalina.startup.HostConfig.deployDirectory Deploying web application directory [C:\Users\accenture\Desktop\xampp\tomcat\webapps\ROOT]
16-Mar-2018 16:44:28.787 INFORMAZIONI [localhost-startStop-1] org.apache.catalina.startup.HostConfig.deployDirectory Deployment of web application directory [C:\Users\accenture\Desktop\xampp\tomcat\webapps\manager] has finished in [47] ms
16-Mar-2018 16:44:28.787 INFORMAZIONI [localhost-startStop-1] org.apache.catalina.startup.HostConfig.deployDirectory Deploying web application directory [C:\Users\accenture\Desktop\xampp\tomcat\webapps\ROOT]
16-Mar-2018 16:44:28.832 INFORMAZIONI [localhost-startStop-1] org.apache.catalina.startup.HostConfig.deployDirectory Deployment of web application directory [C:\Users\accenture\Desktop\xampp\tomcat\webapps\ROOT] has finished in [45] ms
16-Mar-2018 16:44:28.832 INFORMAZIONI [localhost-startStop-1] org.apache.catalina.startup.HostConfig.deployDirectory Deployment of web application directory [C:\Users\accenture\Desktop\xampp\tomcat\webapps\ROOT] has finished in [48] ms
16-Mar-2018 16:44:28.835 INFORMAZIONI [localhost-startStop-1] org.apache.catalina.startup.HostConfig.deployDirectory Deployment of web application directory [C:\Users\accenture\Desktop\xampp\tomcat\webapps\ROOT] has finished in [52] ms
16-Mar-2018 16:44:28.838 INFORMAZIONI [main] org.apache.coyote.AbstractProtocol.start Starting ProtocolHandler ["ajp-nio-8009"]
16-Mar-2018 16:44:28.838 INFORMAZIONI [main] org.apache.coyote.AbstractProtocol.start Starting ProtocolHandler ["http-nio-8080"]
16-Mar-2018 16:44:28.842 INFORMAZIONI [main] org.apache.catalina.startup.Catalina.start Server startup in 3854 ms
16-Mar-2018 16:44:28.850 INFORMAZIONI [main] org.apache.catalina.startup.Catalina.start Server startup in 3148 ms
16-Mar-2018 16:44:28.851 INFORMAZIONI [main] org.apache.catalina.startup.Catalina.start Server startup in 3140 ms
16-Mar-2018 16:44:28.854 GRAVE [main] org.apache.catalina.core.StandardServer.await StandardServer.await: create[localhost:8005]: 
 java.net.BindException: Address already in use: JVM_Bind
	at java.net.DualStackPlainSocketImpl.bind0(Native Method)
	at java.net.DualStackPlainSocketImpl.socketBind(DualStackPlainSocketImpl.java:106)
	at java.net.AbstractPlainSocketImpl.bind(AbstractPlainSocketImpl.java:387)
	at java.net.PlainSocketImpl.bind(PlainSocketImpl.java:190)
	at java.net.ServerSocket.bind(ServerSocket.java:375)
	at java.net.ServerSocket.<init>(ServerSocket.java:237)
	at org.apache.catalina.core.StandardServer.await(StandardServer.java:441)
	at org.apache.catalina.startup.Catalina.await(Catalina.java:769)
	at org.apache.catalina.startup.Catalina.start(Catalina.java:715)
	at sun.reflect.NativeMethodAccessorImpl.invoke0(Native Method)
	at sun.reflect.NativeMethodAccessorImpl.invoke(NativeMethodAccessorImpl.java:62)
	at sun.reflect.DelegatingMethodAccessorImpl.invoke(DelegatingMethodAccessorImpl.java:43)
	at java.lang.reflect.Method.invoke(Method.java:498)
	at org.apache.catalina.startup.Bootstrap.start(Bootstrap.java:353)
	at org.apache.catalina.startup.Bootstrap.main(Bootstrap.java:493)

16-Mar-2018 16:44:28.855 GRAVE [main] org.apache.catalina.core.StandardServer.await StandardServer.await: create[localhost:8005]: 
 java.net.BindException: Address already in use: JVM_Bind
	at java.net.DualStackPlainSocketImpl.bind0(Native Method)
	at java.net.DualStackPlainSocketImpl.socketBind(DualStackPlainSocketImpl.java:106)
	at java.net.AbstractPlainSocketImpl.bind(AbstractPlainSocketImpl.java:387)
	at java.net.PlainSocketImpl.bind(PlainSocketImpl.java:190)
	at java.net.ServerSocket.bind(ServerSocket.java:375)
	at java.net.ServerSocket.<init>(ServerSocket.java:237)
	at org.apache.catalina.core.StandardServer.await(StandardServer.java:441)
	at org.apache.catalina.startup.Catalina.await(Catalina.java:769)
	at org.apache.catalina.startup.Catalina.start(Catalina.java:715)
	at sun.reflect.NativeMethodAccessorImpl.invoke0(Native Method)
	at sun.reflect.NativeMethodAccessorImpl.invoke(NativeMethodAccessorImpl.java:62)
	at sun.reflect.DelegatingMethodAccessorImpl.invoke(DelegatingMethodAccessorImpl.java:43)
	at java.lang.reflect.Method.invoke(Method.java:498)
	at org.apache.catalina.startup.Bootstrap.start(Bootstrap.java:353)
	at org.apache.catalina.startup.Bootstrap.main(Bootstrap.java:493)

16-Mar-2018 16:44:28.855 INFORMAZIONI [main] org.apache.coyote.AbstractProtocol.pause Pausing ProtocolHandler ["http-nio-8080"]
16-Mar-2018 16:44:28.856 INFORMAZIONI [main] org.apache.coyote.AbstractProtocol.pause Pausing ProtocolHandler ["ajp-nio-8009"]
16-Mar-2018 16:44:28.856 INFORMAZIONI [main] org.apache.coyote.AbstractProtocol.pause Pausing ProtocolHandler ["http-nio-8080"]
16-Mar-2018 16:44:29.077 INFORMAZIONI [main] org.apache.catalina.core.StandardService.stopInternal Stopping service [Catalina]
16-Mar-2018 16:44:29.077 INFORMAZIONI [main] org.apache.coyote.AbstractProtocol.pause Pausing ProtocolHandler ["ajp-nio-8009"]
16-Mar-2018 16:44:29.078 INFORMAZIONI [main] org.apache.catalina.core.StandardService.stopInternal Stopping service [Catalina]
16-Mar-2018 16:44:29.183 INFORMAZIONI [main] org.apache.coyote.AbstractProtocol.stop Stopping ProtocolHandler ["ajp-nio-8009"]
16-Mar-2018 16:44:29.188 INFORMAZIONI [main] org.apache.coyote.AbstractProtocol.stop Stopping ProtocolHandler ["http-nio-8080"]
16-Mar-2018 16:44:29.193 INFORMAZIONI [main] org.apache.coyote.AbstractProtocol.stop Stopping ProtocolHandler ["http-nio-8080"]
16-Mar-2018 16:44:29.194 INFORMAZIONI [main] org.apache.coyote.AbstractProtocol.destroy Destroying ProtocolHandler ["http-nio-8080"]
16-Mar-2018 16:44:29.194 INFORMAZIONI [main] org.apache.coyote.AbstractProtocol.destroy Destroying ProtocolHandler ["ajp-nio-8009"]
16-Mar-2018 16:44:29.195 INFORMAZIONI [main] org.apache.coyote.AbstractProtocol.destroy Destroying ProtocolHandler ["http-nio-8080"]
16-Mar-2018 16:44:29.196 INFORMAZIONI [main] org.apache.coyote.AbstractProtocol.stop Stopping ProtocolHandler ["ajp-nio-8009"]
16-Mar-2018 16:44:29.196 INFORMAZIONI [main] org.apache.coyote.AbstractProtocol.destroy Destroying ProtocolHandler ["ajp-nio-8009"]
